<?xml version="1.0" encoding="UTF-8"?>
<testsuite name="fluxandmonoplayground.FluxandmonofactoryTest" tests="1" skipped="0" failures="0" errors="0" timestamp="2021-10-09T15:08:26" hostname="ANKIT-PC" time="3.225">
  <properties/>
  <testcase name="monoUsingSupplier()" classname="fluxandmonoplayground.FluxandmonofactoryTest" time="3.225"/>
  <system-out><![CDATA[20:38:28.433 [Test worker] DEBUG reactor.util.Loggers - Using Slf4j logging framework
Ankit
20:38:29.147 [Test worker] INFO reactor.Mono.Supplier.1 - | onSubscribe([Fuseable] Operators.MonoSubscriber)
20:38:29.170 [Test worker] INFO reactor.Mono.Supplier.1 - | request(unbounded)
20:38:29.172 [Test worker] INFO reactor.Mono.Supplier.1 - | onNext(Ankit)
20:38:29.174 [Test worker] INFO reactor.Mono.Supplier.1 - | onComplete()
]]></system-out>
  <system-err><![CDATA[]]></system-err>
</testsuite>
